app/build/outputs/logs/manifest-merger-debug-report.txt
-- Merging decision tree log ---
manifest
ADDED from src\main\AndroidManifest.xml:2:1-92:12
	xmlns:tools
		ADDED from src\main\AndroidManifest.xml:3:5-51
	xmlns:android
		ADDED from src\main\AndroidManifest.xml:2:11-69
	package
		ADDED from src\main\AndroidManifest.xml:4:5-57
		INJECTED from src\main\AndroidManifest.xml
		INJECTED from src\main\AndroidManifest.xml
	android:versionName
		ADDED from src\main\AndroidManifest.xml:6:5-30
		INJECTED from src\main\AndroidManifest.xml
		INJECTED from src\main\AndroidManifest.xml
	android:versionCode
		ADDED from src\main\AndroidManifest.xml:5:5-28
		INJECTED from src\main\AndroidManifest.xml
		INJECTED from src\main\AndroidManifest.xml
uses-sdk
ADDED from src\main\AndroidManifest.xml:8:5-10:38
MERGED from [com.android.support:appcompat-v7:23.4.0] AndroidManifest.xml:21:5-23:78
MERGED from [com.android.support:animated-vector-drawable:23.4.0] AndroidManifest.xml:5:5-44
MERGED from [com.android.support:support-vector-drawable:23.4.0] AndroidManifest.xml:5:5-43
MERGED from [com.android.support:support-v4:23.4.0] AndroidManifest.xml:20:5-43
MERGED from [com.android.support:support-v4:23.4.0] AndroidManifest.xml:20:5-43
MERGED from [com.android.support:support-vector-drawable:23.4.0] AndroidManifest.xml:5:5-43
MERGED from [com.android.support:support-v4:23.4.0] AndroidManifest.xml:20:5-43
MERGED from [com.android.support:design:23.4.0] AndroidManifest.xml:20:5-43
MERGED from [com.android.support:recyclerview-v7:23.4.0] AndroidManifest.xml:20:5-43
MERGED from [com.android.support:support-v4:23.4.0] AndroidManifest.xml:20:5-43
MERGED from [com.android.support:appcompat-v7:23.4.0] AndroidManifest.xml:21:5-23:78
MERGED from [com.android.support:animated-vector-drawable:23.4.0] AndroidManifest.xml:5:5-44
MERGED from [com.android.support:support-vector-drawable:23.4.0] AndroidManifest.xml:5:5-43
MERGED from [com.android.support:support-v4:23.4.0] AndroidManifest.xml:20:5-43
MERGED from [com.android.support:support-v4:23.4.0] AndroidManifest.xml:20:5-43
MERGED from [com.android.support:support-vector-drawable:23.4.0] AndroidManifest.xml:5:5-43
MERGED from [com.android.support:support-v4:23.4.0] AndroidManifest.xml:20:5-43
MERGED from [com.android.support:support-v4:23.4.0] AndroidManifest.xml:20:5-43
MERGED from [uk.co.chrisjenx:calligraphy:2.2.0] AndroidManifest.xml:7:5-9:41
MERGED from [com.android.support:appcompat-v7:23.4.0] AndroidManifest.xml:21:5-23:78
MERGED from [com.android.support:animated-vector-drawable:23.4.0] AndroidManifest.xml:5:5-44
MERGED from [com.android.support:support-vector-drawable:23.4.0] AndroidManifest.xml:5:5-43
MERGED from [com.android.support:support-v4:23.4.0] AndroidManifest.xml:20:5-43
MERGED from [com.android.support:support-v4:23.4.0] AndroidManifest.xml:20:5-43
MERGED from [com.android.support:support-vector-drawable:23.4.0] AndroidManifest.xml:5:5-43
MERGED from [com.android.support:support-v4:23.4.0] AndroidManifest.xml:20:5-43
	android:targetSdkVersion
		INJECTED from src\main\AndroidManifest.xml
		INJECTED from src\main\AndroidManifest.xml
	android:minSdkVersion
		ADDED from src\main\AndroidManifest.xml:10:9-35
		INJECTED from src\main\AndroidManifest.xml
		INJECTED from src\main\AndroidManifest.xml
	tools:overrideLibrary
		ADDED from [com.android.support:appcompat-v7:23.4.0] AndroidManifest.xml:23:9-75
	android:maxSdkVersion
		ADDED from src\main\AndroidManifest.xml:9:9-35
uses-permission#android.permission.CALL_PRIVILEGED
ADDED from src\main\AndroidManifest.xml:11:5-12:47
	android:name
		ADDED from src\main\AndroidManifest.xml:11:22-71
	tools:ignore
		ADDED from src\main\AndroidManifest.xml:12:9-44
uses-permission#android.permission.INTERNET
ADDED from src\main\AndroidManifest.xml:13:5-67
	android:name
		ADDED from src\main\AndroidManifest.xml:13:22-64
uses-permission#android.permission.ACCESS_NETWORK_STATE
ADDED from src\main\AndroidManifest.xml:14:5-79
	android:name
		ADDED from src\main\AndroidManifest.xml:14:22-76
uses-permission#android.permission.CALL_PHONE
ADDED from src\main\AndroidManifest.xml:15:5-85
	android:name
		ADDED from src\main\AndroidManifest.xml:15:22-66
uses-permission#android.permission.SEND_SMS
ADDED from src\main\AndroidManifest.xml:16:5-83
	android:name
		ADDED from src\main\AndroidManifest.xml:16:22-64
uses-permission#ANDROID.PERMISSION.WRITE_EXTERNAL_STORAGE
ADDED from src\main\AndroidManifest.xml:17:5-97
	android:name
		ADDED from src\main\AndroidManifest.xml:17:22-78
uses-permission#android.permission.READ_EXTERNAL_STORAGE
ADDED from src\main\AndroidManifest.xml:18:5-96
	android:name
		ADDED from src\main\AndroidManifest.xml:18:22-77
uses-permission#ANDROID.PERMISSION.CAMERA
ADDED from src\main\AndroidManifest.xml:19:5-81
	android:name
		ADDED from src\main\AndroidManifest.xml:19:22-62
application
ADDED from src\main\AndroidManifest.xml:21:5-90:19
MERGED from [com.android.support:appcompat-v7:23.4.0] AndroidManifest.xml:25:5-20
MERGED from [com.android.support:animated-vector-drawable:23.4.0] AndroidManifest.xml:7:5-20
MERGED from [com.android.support:support-vector-drawable:23.4.0] AndroidManifest.xml:7:5-20
MERGED from [com.android.support:support-v4:23.4.0] AndroidManifest.xml:22:5-20
MERGED from [com.android.support:support-v4:23.4.0] AndroidManifest.xml:22:5-20
MERGED from [com.android.support:support-vector-drawable:23.4.0] AndroidManifest.xml:7:5-20
MERGED from [com.android.support:support-v4:23.4.0] AndroidManifest.xml:22:5-20
MERGED from [com.android.support:design:23.4.0] AndroidManifest.xml:22:5-20
MERGED from [com.android.support:support-v4:23.4.0] AndroidManifest.xml:22:5-20
MERGED from [com.android.support:appcompat-v7:23.4.0] AndroidManifest.xml:25:5-20
MERGED from [com.android.support:animated-vector-drawable:23.4.0] AndroidManifest.xml:7:5-20
MERGED from [com.android.support:support-vector-drawable:23.4.0] AndroidManifest.xml:7:5-20
MERGED from [com.android.support:support-v4:23.4.0] AndroidManifest.xml:22:5-20
MERGED from [com.android.support:support-v4:23.4.0] AndroidManifest.xml:22:5-20
MERGED from [com.android.support:support-vector-drawable:23.4.0] AndroidManifest.xml:7:5-20
MERGED from [com.android.support:support-v4:23.4.0] AndroidManifest.xml:22:5-20
MERGED from [com.android.support:support-v4:23.4.0] AndroidManifest.xml:22:5-20
MERGED from [uk.co.chrisjenx:calligraphy:2.2.0] AndroidManifest.xml:11:5-20
MERGED from [com.android.support:appcompat-v7:23.4.0] AndroidManifest.xml:25:5-20
MERGED from [com.android.support:animated-vector-drawable:23.4.0] AndroidManifest.xml:7:5-20
MERGED from [com.android.support:support-vector-drawable:23.4.0] AndroidManifest.xml:7:5-20
MERGED from [com.android.support:support-v4:23.4.0] AndroidManifest.xml:22:5-20
MERGED from [com.android.support:support-v4:23.4.0] AndroidManifest.xml:22:5-20
MERGED from [com.android.support:support-vector-drawable:23.4.0] AndroidManifest.xml:7:5-20
MERGED from [com.android.support:support-v4:23.4.0] AndroidManifest.xml:22:5-20
	android:screenOrientation
		ADDED from src\main\AndroidManifest.xml:26:9-45
	android:label
		ADDED from src\main\AndroidManifest.xml:25:9-41
	android:allowBackup
		ADDED from src\main\AndroidManifest.xml:23:9-35
	android:icon
		ADDED from src\main\AndroidManifest.xml:24:9-43
	android:theme
		ADDED from src\main\AndroidManifest.xml:27:9-47
	android:name
		ADDED from src\main\AndroidManifest.xml:22:9-28
activity#myappplication.noida.quaere.groupalternate.SplashScreenActivity
ADDED from src\main\AndroidManifest.xml:28:9-36:20
	android:label
		ADDED from src\main\AndroidManifest.xml:30:13-45
	android:name
		ADDED from src\main\AndroidManifest.xml:29:13-49
intent-filter#android.intent.action.MAIN+android.intent.category.LAUNCHER
ADDED from src\main\AndroidManifest.xml:31:13-35:29
action#android.intent.action.MAIN
ADDED from src\main\AndroidManifest.xml:32:17-69
	android:name
		ADDED from src\main\AndroidManifest.xml:32:25-66
category#android.intent.category.LAUNCHER
ADDED from src\main\AndroidManifest.xml:34:17-77
	android:name
		ADDED from src\main\AndroidManifest.xml:34:27-74
activity#myappplication.noida.quaere.groupalternate.LoginActivity
ADDED from src\main\AndroidManifest.xml:39:9-42:61
	android:screenOrientation
		ADDED from src\main\AndroidManifest.xml:42:13-49
	android:label
		ADDED from src\main\AndroidManifest.xml:41:13-45
	android:name
		ADDED from src\main\AndroidManifest.xml:40:13-42
activity#myappplication.noida.quaere.groupalternate.FragmentMainActivity
ADDED from src\main\AndroidManifest.xml:43:9-46:77
	android:windowSoftInputMode
		ADDED from src\main\AndroidManifest.xml:46:13-65
	android:screenOrientation
		ADDED from src\main\AndroidManifest.xml:45:13-49
	android:name
		ADDED from src\main\AndroidManifest.xml:44:13-49
activity#myappplication.noida.quaere.groupalternate.EpinRegisterActivity
ADDED from src\main\AndroidManifest.xml:48:9-51:61
	android:screenOrientation
		ADDED from src\main\AndroidManifest.xml:51:13-49
	android:name
		ADDED from src\main\AndroidManifest.xml:50:13-49
activity#myappplication.noida.quaere.groupalternate.ForgotPassword
ADDED from src\main\AndroidManifest.xml:52:9-54:61
	android:screenOrientation
		ADDED from src\main\AndroidManifest.xml:54:13-49
	android:name
		ADDED from src\main\AndroidManifest.xml:53:13-43
activity#myappplication.noida.quaere.groupalternate.NewPassword
ADDED from src\main\AndroidManifest.xml:55:9-57:61
	android:screenOrientation
		ADDED from src\main\AndroidManifest.xml:57:13-49
	android:name
		ADDED from src\main\AndroidManifest.xml:56:13-40
activity#myappplication.noida.quaere.groupalternate.OTPClass
ADDED from src\main\AndroidManifest.xml:58:9-60:61
	android:screenOrientation
		ADDED from src\main\AndroidManifest.xml:60:13-49
	android:name
		ADDED from src\main\AndroidManifest.xml:59:13-37
activity#myappplication.noida.quaere.groupalternate.mainpage.ProjectsActivity
ADDED from src\main\AndroidManifest.xml:61:9-62:77
	android:windowSoftInputMode
		ADDED from src\main\AndroidManifest.xml:62:13-65
	android:name
		ADDED from src\main\AndroidManifest.xml:61:19-60
activity#myappplication.noida.quaere.groupalternate.mainpage.MountainHeaven
ADDED from src\main\AndroidManifest.xml:63:9-70
	android:name
		ADDED from src\main\AndroidManifest.xml:63:19-58
activity#myappplication.noida.quaere.groupalternate.mainpage.NatureValley
ADDED from src\main\AndroidManifest.xml:64:9-68
	android:name
		ADDED from src\main\AndroidManifest.xml:64:19-56
activity#myappplication.noida.quaere.groupalternate.mainpage.ParadiseGarden
ADDED from src\main\AndroidManifest.xml:65:9-70
	android:name
		ADDED from src\main\AndroidManifest.xml:65:19-58
activity#myappplication.noida.quaere.groupalternate.mainpage.TwinSpire
ADDED from src\main\AndroidManifest.xml:66:9-65
	android:name
		ADDED from src\main\AndroidManifest.xml:66:19-53
activity#myappplication.noida.quaere.groupalternate.mainpage.ChandrokKashiyana
ADDED from src\main\AndroidManifest.xml:67:9-73
	android:name
		ADDED from src\main\AndroidManifest.xml:67:19-61
activity#myappplication.noida.quaere.groupalternate.mainpage.GrihSangam
ADDED from src\main\AndroidManifest.xml:68:9-66
	android:name
		ADDED from src\main\AndroidManifest.xml:68:19-54
activity#myappplication.noida.quaere.groupalternate.mainpage.KutumbKashiyana
ADDED from src\main\AndroidManifest.xml:69:9-71
	android:name
		ADDED from src\main\AndroidManifest.xml:69:19-59
activity#myappplication.noida.quaere.groupalternate.mainpage.PoleStarCity
ADDED from src\main\AndroidManifest.xml:70:9-68
	android:name
		ADDED from src\main\AndroidManifest.xml:70:19-56
activity#myappplication.noida.quaere.groupalternate.mainpage.SamridhiGullak
ADDED from src\main\AndroidManifest.xml:71:9-70
	android:name
		ADDED from src\main\AndroidManifest.xml:71:19-58
activity#myappplication.noida.quaere.groupalternate.mainpage.ShineNatureView
ADDED from src\main\AndroidManifest.xml:72:9-71
	android:name
		ADDED from src\main\AndroidManifest.xml:72:19-59
activity#myappplication.noida.quaere.groupalternate.mainpage.SignatureHeight
ADDED from src\main\AndroidManifest.xml:73:9-71
	android:name
		ADDED from src\main\AndroidManifest.xml:73:19-59
activity#myappplication.noida.quaere.groupalternate.mainpage.ShineValley
ADDED from src\main\AndroidManifest.xml:74:9-67
	android:name
		ADDED from src\main\AndroidManifest.xml:74:19-55
activity#myappplication.noida.quaere.groupalternate.mainpage.ZaireSparkleValley
ADDED from src\main\AndroidManifest.xml:75:9-74
	android:name
		ADDED from src\main\AndroidManifest.xml:75:19-62
activity#myappplication.noida.quaere.groupalternate.mainpage.AriseVelvet
ADDED from src\main\AndroidManifest.xml:76:9-67
	android:name
		ADDED from src\main\AndroidManifest.xml:76:19-55
activity#myappplication.noida.quaere.groupalternate.mainpage.Kashiyana
ADDED from src\main\AndroidManifest.xml:77:9-65
	android:name
		ADDED from src\main\AndroidManifest.xml:77:19-53
activity#myappplication.noida.quaere.groupalternate.mainpage.XhevahireCity
ADDED from src\main\AndroidManifest.xml:78:9-69
	android:name
		ADDED from src\main\AndroidManifest.xml:78:19-57
activity#myappplication.noida.quaere.groupalternate.mainpage.SolitaireCity
ADDED from src\main\AndroidManifest.xml:79:9-69
	android:name
		ADDED from src\main\AndroidManifest.xml:79:19-57
activity#myappplication.noida.quaere.groupalternate.mainpage.LodeStar
ADDED from src\main\AndroidManifest.xml:80:9-64
	android:name
		ADDED from src\main\AndroidManifest.xml:80:19-52
activity#myappplication.noida.quaere.groupalternate.mainpage.ContactUsActivity
ADDED from src\main\AndroidManifest.xml:81:9-73
	android:name
		ADDED from src\main\AndroidManifest.xml:81:19-61
activity#myappplication.noida.quaere.groupalternate.mainpage.AboutUs
ADDED from src\main\AndroidManifest.xml:82:9-63
	android:name
		ADDED from src\main\AndroidManifest.xml:82:19-51
activity#myappplication.noida.quaere.groupalternate.swipetab.MainTabActivity
ADDED from src\main\AndroidManifest.xml:83:9-71
	android:name
		ADDED from src\main\AndroidManifest.xml:83:19-59
activity#myappplication.noida.quaere.groupalternate.mainpage.FeedbackActivity
ADDED from src\main\AndroidManifest.xml:84:9-72
	android:name
		ADDED from src\main\AndroidManifest.xml:84:19-60
activity#myappplication.noida.quaere.groupalternate.activities.MyProfileActivity
ADDED from src\main\AndroidManifest.xml:85:9-75
	android:name
		ADDED from src\main\AndroidManifest.xml:85:19-63
activity#myappplication.noida.quaere.groupalternate.activities.PlacementDetailsActivity
ADDED from src\main\AndroidManifest.xml:86:9-82
	android:name
		ADDED from src\main\AndroidManifest.xml:86:19-70
activity#myappplication.noida.quaere.groupalternate.activities.EnquiryActivity
ADDED from src\main\AndroidManifest.xml:87:9-73
	android:name
		ADDED from src\main\AndroidManifest.xml:87:19-61
activity#myappplication.noida.quaere.groupalternate.WebViewMission99
ADDED from src\main\AndroidManifest.xml:89:9-63
	android:name
		ADDED from src\main\AndroidManifest.xml:89:19-51